<?xml version="1.0" encoding="UTF-8"?>
<!DOCTYPE coverage SYSTEM "http://cobertura.sourceforge.net/xml/coverage-03.dtd">
<coverage line-rate="0" branch-rate="0" version="" timestamp="1528189836139">
	<packages>
		<package name="github.com/SUSE/groot-btrfs/dependencymanager" line-rate="0" branch-rate="0" complexity="0">
			<classes>
				<class name="-" filename="/home/dimitris/workspace/go/src/github.com/SUSE/groot-btrfs/dependencymanager/dependency_manager.go" line-rate="0" branch-rate="0" complexity="0">
					<methods>
						<method name="NewDependencyManager" signature="" line-rate="0" branch-rate="0">
							<lines>
								<line number="22" hits="0"></line>
							</lines>
						</method>
					</methods>
					<lines>
						<line number="22" hits="0"></line>
					</lines>
				</class>
				<class name="DependencyManager" filename="/home/dimitris/workspace/go/src/github.com/SUSE/groot-btrfs/dependencymanager/dependency_manager.go" line-rate="0" branch-rate="0" complexity="0">
					<methods>
						<method name="Register" signature="" line-rate="0" branch-rate="0">
							<lines>
								<line number="29" hits="0"></line>
								<line number="30" hits="0"></line>
								<line number="31" hits="0"></line>
								<line number="34" hits="0"></line>
							</lines>
						</method>
						<method name="Deregister" signature="" line-rate="0" branch-rate="0">
							<lines>
								<line number="39" hits="0"></line>
							</lines>
						</method>
						<method name="Dependencies" signature="" line-rate="0" branch-rate="0">
							<lines>
								<line number="44" hits="0"></line>
								<line number="45" hits="0"></line>
								<line number="46" hits="0"></line>
								<line number="48" hits="0"></line>
								<line number="49" hits="0"></line>
								<line number="52" hits="0"></line>
								<line number="53" hits="0"></line>
								<line number="54" hits="0"></line>
								<line number="57" hits="0"></line>
							</lines>
						</method>
						<method name="filePath" signature="" line-rate="0" branch-rate="0">
							<lines>
								<line number="61" hits="0"></line>
								<line number="62" hits="0"></line>
							</lines>
						</method>
					</methods>
					<lines>
						<line number="29" hits="0"></line>
						<line number="30" hits="0"></line>
						<line number="31" hits="0"></line>
						<line number="34" hits="0"></line>
						<line number="39" hits="0"></line>
						<line number="44" hits="0"></line>
						<line number="45" hits="0"></line>
						<line number="46" hits="0"></line>
						<line number="48" hits="0"></line>
						<line number="49" hits="0"></line>
						<line number="52" hits="0"></line>
						<line number="53" hits="0"></line>
						<line number="54" hits="0"></line>
						<line number="57" hits="0"></line>
						<line number="61" hits="0"></line>
						<line number="62" hits="0"></line>
					</lines>
				</class>
			</classes>
		</package>
		<package name="github.com/SUSE/groot-btrfs/drax/limiter" line-rate="0" branch-rate="0" complexity="0">
			<classes>
				<class name="-" filename="/home/dimitris/workspace/go/src/github.com/SUSE/groot-btrfs/drax/limiter/btrfs.go" line-rate="0" branch-rate="0" complexity="0">
					<methods>
						<method name="NewBtrfsLimiter" signature="" line-rate="0" branch-rate="0">
							<lines>
								<line number="21" hits="1"></line>
							</lines>
						</method>
					</methods>
					<lines>
						<line number="21" hits="1"></line>
					</lines>
				</class>
				<class name="BtrfsLimiter" filename="/home/dimitris/workspace/go/src/github.com/SUSE/groot-btrfs/drax/limiter/btrfs.go" line-rate="0" branch-rate="0" complexity="0">
					<methods>
						<method name="ApplyDiskLimit" signature="" line-rate="0" branch-rate="0">
							<lines>
								<line number="28" hits="1"></line>
								<line number="29" hits="1"></line>
								<line number="30" hits="1"></line>
								<line number="32" hits="1"></line>
								<line number="33" hits="1"></line>
								<line number="34" hits="1"></line>
								<line number="35" hits="1"></line>
								<line number="37" hits="1"></line>
								<line number="38" hits="1"></line>
								<line number="39" hits="1"></line>
								<line number="40" hits="1"></line>
								<line number="43" hits="1"></line>
							</lines>
						</method>
						<method name="DestroyQuotaGroup" signature="" line-rate="0" branch-rate="0">
							<lines>
								<line number="47" hits="1"></line>
								<line number="48" hits="1"></line>
								<line number="49" hits="1"></line>
								<line number="51" hits="1"></line>
								<line number="52" hits="1"></line>
								<line number="53" hits="1"></line>
								<line number="54" hits="1"></line>
								<line number="56" hits="1"></line>
								<line number="57" hits="1"></line>
								<line number="58" hits="1"></line>
								<line number="61" hits="1"></line>
							</lines>
						</method>
						<method name="argsForLimit" signature="" line-rate="0" branch-rate="0">
							<lines>
								<line number="65" hits="1"></line>
								<line number="66" hits="1"></line>
								<line number="67" hits="1"></line>
								<line number="70" hits="1"></line>
							</lines>
						</method>
					</methods>
					<lines>
						<line number="28" hits="1"></line>
						<line number="29" hits="1"></line>
						<line number="30" hits="1"></line>
						<line number="32" hits="1"></line>
						<line number="33" hits="1"></line>
						<line number="34" hits="1"></line>
						<line number="35" hits="1"></line>
						<line number="37" hits="1"></line>
						<line number="38" hits="1"></line>
						<line number="39" hits="1"></line>
						<line number="40" hits="1"></line>
						<line number="43" hits="1"></line>
						<line number="47" hits="1"></line>
						<line number="48" hits="1"></line>
						<line number="49" hits="1"></line>
						<line number="51" hits="1"></line>
						<line number="52" hits="1"></line>
						<line number="53" hits="1"></line>
						<line number="54" hits="1"></line>
						<line number="56" hits="1"></line>
						<line number="57" hits="1"></line>
						<line number="58" hits="1"></line>
						<line number="61" hits="1"></line>
						<line number="65" hits="1"></line>
						<line number="66" hits="1"></line>
						<line number="67" hits="1"></line>
						<line number="70" hits="1"></line>
					</lines>
				</class>
			</classes>
		</package>
		<package name="github.com/SUSE/groot-btrfs/drax/lister" line-rate="0" branch-rate="0" complexity="0">
			<classes>
				<class name="BtrfsLister" filename="/home/dimitris/workspace/go/src/github.com/SUSE/groot-btrfs/drax/lister/btrfs.go" line-rate="0" branch-rate="0" complexity="0">
					<methods>
						<method name="List" signature="" line-rate="0" branch-rate="0">
							<lines>
								<line number="32" hits="1"></line>
								<line number="33" hits="1"></line>
								<line number="34" hits="1"></line>
								<line number="36" hits="1"></line>
								<line number="37" hits="1"></line>
								<line number="38" hits="1"></line>
								<line number="39" hits="1"></line>
								<line number="40" hits="1"></line>
								<line number="42" hits="1"></line>
								<line number="43" hits="1"></line>
								<line number="44" hits="1"></line>
								<line number="49" hits="1"></line>
								<line number="50" hits="1"></line>
								<line number="51" hits="0"></line>
								<line number="52" hits="0"></line>
								<line number="55" hits="1"></line>
								<line number="56" hits="1"></line>
								<line number="57" hits="1"></line>
								<line number="58" hits="1"></line>
								<line number="61" hits="1"></line>
								<line number="62" hits="1"></line>
							</lines>
						</method>
						<method name="extractPaths" signature="" line-rate="0" branch-rate="0">
							<lines>
								<line number="66" hits="1"></line>
								<line number="67" hits="1"></line>
								<line number="69" hits="1"></line>
								<line number="70" hits="1"></line>
								<line number="71" hits="1"></line>
								<line number="72" hits="0"></line>
								<line number="75" hits="1"></line>
								<line number="76" hits="1"></line>
								<line number="79" hits="1"></line>
								<line number="80" hits="1"></line>
								<line number="81" hits="1"></line>
								<line number="84" hits="1"></line>
								<line number="85" hits="1"></line>
								<line number="86" hits="1"></line>
								<line number="89" hits="1"></line>
								<line number="90" hits="0"></line>
								<line number="94" hits="1"></line>
							</lines>
						</method>
						<method name="findMountPoint" signature="" line-rate="0" branch-rate="0">
							<lines>
								<line number="98" hits="1"></line>
								<line number="99" hits="1"></line>
								<line number="100" hits="0"></line>
								<line number="103" hits="1"></line>
								<line number="104" hits="1"></line>
								<line number="105" hits="1"></line>
								<line number="108" hits="0"></line>
								<line number="111" hits="0"></line>
							</lines>
						</method>
					</methods>
					<lines>
						<line number="32" hits="1"></line>
						<line number="33" hits="1"></line>
						<line number="34" hits="1"></line>
						<line number="36" hits="1"></line>
						<line number="37" hits="1"></line>
						<line number="38" hits="1"></line>
						<line number="39" hits="1"></line>
						<line number="40" hits="1"></line>
						<line number="42" hits="1"></line>
						<line number="43" hits="1"></line>
						<line number="44" hits="1"></line>
						<line number="49" hits="1"></line>
						<line number="50" hits="1"></line>
						<line number="51" hits="0"></line>
						<line number="52" hits="0"></line>
						<line number="55" hits="1"></line>
						<line number="56" hits="1"></line>
						<line number="57" hits="1"></line>
						<line number="58" hits="1"></line>
						<line number="61" hits="1"></line>
						<line number="62" hits="1"></line>
						<line number="66" hits="1"></line>
						<line number="67" hits="1"></line>
						<line number="69" hits="1"></line>
						<line number="70" hits="1"></line>
						<line number="71" hits="1"></line>
						<line number="72" hits="0"></line>
						<line number="75" hits="1"></line>
						<line number="76" hits="1"></line>
						<line number="79" hits="1"></line>
						<line number="80" hits="1"></line>
						<line number="81" hits="1"></line>
						<line number="84" hits="1"></line>
						<line number="85" hits="1"></line>
						<line number="86" hits="1"></line>
						<line number="89" hits="1"></line>
						<line number="90" hits="0"></line>
						<line number="94" hits="1"></line>
						<line number="98" hits="1"></line>
						<line number="99" hits="1"></line>
						<line number="100" hits="0"></line>
						<line number="103" hits="1"></line>
						<line number="104" hits="1"></line>
						<line number="105" hits="1"></line>
						<line number="108" hits="0"></line>
						<line number="111" hits="0"></line>
					</lines>
				</class>
				<class name="-" filename="/home/dimitris/workspace/go/src/github.com/SUSE/groot-btrfs/drax/lister/btrfs.go" line-rate="0" branch-rate="0" complexity="0">
					<methods>
						<method name="NewBtrfsLister" signature="" line-rate="0" branch-rate="0">
							<lines>
								<line number="25" hits="1"></line>
							</lines>
						</method>
					</methods>
					<lines>
						<line number="25" hits="1"></line>
					</lines>
				</class>
			</classes>
		</package>
		<package name="github.com/SUSE/groot-btrfs/drax/metrix" line-rate="0" branch-rate="0" complexity="0">
			<classes>
				<class name="-" filename="/home/dimitris/workspace/go/src/github.com/SUSE/groot-btrfs/drax/metrix/btrfs_stats.go" line-rate="0" branch-rate="0" complexity="0">
					<methods>
						<method name="NewBtrfsStats" signature="" line-rate="0" branch-rate="0">
							<lines>
								<line number="19" hits="1"></line>
							</lines>
						</method>
					</methods>
					<lines>
						<line number="19" hits="1"></line>
					</lines>
				</class>
				<class name="BtrfsStats" filename="/home/dimitris/workspace/go/src/github.com/SUSE/groot-btrfs/drax/metrix/btrfs_stats.go" line-rate="0" branch-rate="0" complexity="0">
					<methods>
						<method name="VolumeStats" signature="" line-rate="0" branch-rate="0">
							<lines>
								<line number="26" hits="1"></line>
								<line number="27" hits="1"></line>
								<line number="28" hits="1"></line>
								<line number="30" hits="1"></line>
								<line number="31" hits="1"></line>
								<line number="34" hits="1"></line>
								<line number="35" hits="1"></line>
								<line number="36" hits="1"></line>
								<line number="37" hits="1"></line>
								<line number="38" hits="1"></line>
								<line number="40" hits="1"></line>
								<line number="41" hits="1"></line>
								<line number="42" hits="1"></line>
								<line number="46" hits="1"></line>
								<line number="47" hits="1"></line>
								<line number="48" hits="1"></line>
								<line number="49" hits="1"></line>
								<line number="50" hits="1"></line>
								<line number="52" hits="1"></line>
								<line number="53" hits="1"></line>
								<line number="54" hits="1"></line>
								<line number="59" hits="1"></line>
								<line number="60" hits="1"></line>
							</lines>
						</method>
						<method name="isSubvolume" signature="" line-rate="0" branch-rate="0">
							<lines>
								<line number="64" hits="1"></line>
								<line number="65" hits="1"></line>
								<line number="66" hits="1"></line>
								<line number="67" hits="1"></line>
								<line number="69" hits="1"></line>
								<line number="70" hits="1"></line>
								<line number="71" hits="1"></line>
								<line number="74" hits="1"></line>
								<line number="75" hits="1"></line>
								<line number="78" hits="1"></line>
							</lines>
						</method>
					</methods>
					<lines>
						<line number="26" hits="1"></line>
						<line number="27" hits="1"></line>
						<line number="28" hits="1"></line>
						<line number="30" hits="1"></line>
						<line number="31" hits="1"></line>
						<line number="34" hits="1"></line>
						<line number="35" hits="1"></line>
						<line number="36" hits="1"></line>
						<line number="37" hits="1"></line>
						<line number="38" hits="1"></line>
						<line number="40" hits="1"></line>
						<line number="41" hits="1"></line>
						<line number="42" hits="1"></line>
						<line number="46" hits="1"></line>
						<line number="47" hits="1"></line>
						<line number="48" hits="1"></line>
						<line number="49" hits="1"></line>
						<line number="50" hits="1"></line>
						<line number="52" hits="1"></line>
						<line number="53" hits="1"></line>
						<line number="54" hits="1"></line>
						<line number="59" hits="1"></line>
						<line number="60" hits="1"></line>
						<line number="64" hits="1"></line>
						<line number="65" hits="1"></line>
						<line number="66" hits="1"></line>
						<line number="67" hits="1"></line>
						<line number="69" hits="1"></line>
						<line number="70" hits="1"></line>
						<line number="71" hits="1"></line>
						<line number="74" hits="1"></line>
						<line number="75" hits="1"></line>
						<line number="78" hits="1"></line>
					</lines>
				</class>
			</classes>
		</package>
		<package name="github.com/SUSE/groot-btrfs/driver" line-rate="0" branch-rate="0" complexity="0">
			<classes>
				<class name="-" filename="/home/dimitris/workspace/go/src/github.com/SUSE/groot-btrfs/driver/driver.go" line-rate="0" branch-rate="0" complexity="0">
					<methods>
						<method name="NewDriver" signature="" line-rate="0" branch-rate="0">
							<lines>
								<line number="60" hits="1"></line>
							</lines>
						</method>
						<method name="changeModTime" signature="" line-rate="0" branch-rate="0">
							<lines>
								<line number="174" hits="0"></line>
								<line number="175" hits="0"></line>
								<line number="176" hits="0"></line>
								<line number="177" hits="0"></line>
								<line number="180" hits="0"></line>
								<line number="185" hits="0"></line>
								<line number="186" hits="0"></line>
								<line number="194" hits="0"></line>
								<line number="195" hits="0"></line>
								<line number="198" hits="0"></line>
								<line number="199" hits="0"></line>
								<line number="202" hits="0"></line>
							</lines>
						</method>
						<method name="cleanWhiteoutDir" signature="" line-rate="0" branch-rate="0">
							<lines>
								<line number="336" hits="0"></line>
								<line number="337" hits="0"></line>
								<line number="338" hits="0"></line>
								<line number="341" hits="0"></line>
								<line number="342" hits="0"></line>
								<line number="343" hits="0"></line>
								<line number="347" hits="0"></line>
							</lines>
						</method>
					</methods>
					<lines>
						<line number="60" hits="1"></line>
						<line number="174" hits="0"></line>
						<line number="175" hits="0"></line>
						<line number="176" hits="0"></line>
						<line number="177" hits="0"></line>
						<line number="180" hits="0"></line>
						<line number="185" hits="0"></line>
						<line number="186" hits="0"></line>
						<line number="194" hits="0"></line>
						<line number="195" hits="0"></line>
						<line number="198" hits="0"></line>
						<line number="199" hits="0"></line>
						<line number="202" hits="0"></line>
						<line number="336" hits="0"></line>
						<line number="337" hits="0"></line>
						<line number="338" hits="0"></line>
						<line number="341" hits="0"></line>
						<line number="342" hits="0"></line>
						<line number="343" hits="0"></line>
						<line number="347" hits="0"></line>
					</lines>
				</class>
				<class name="Driver" filename="/home/dimitris/workspace/go/src/github.com/SUSE/groot-btrfs/driver/driver.go" line-rate="0" branch-rate="0" complexity="0">
					<methods>
						<method name="readMappings" signature="" line-rate="0" branch-rate="0">
							<lines>
								<line number="64" hits="0"></line>
								<line number="65" hits="0"></line>
								<line number="66" hits="0"></line>
								<line number="67" hits="0"></line>
								<line number="70" hits="0"></line>
							</lines>
						</method>
						<method name="parseOwner" signature="" line-rate="0" branch-rate="0">
							<lines>
								<line number="74" hits="0"></line>
								<line number="75" hits="0"></line>
								<line number="77" hits="0"></line>
								<line number="78" hits="0"></line>
								<line number="79" hits="0"></line>
								<line number="80" hits="0"></line>
								<line number="84" hits="0"></line>
								<line number="85" hits="0"></line>
								<line number="86" hits="0"></line>
								<line number="87" hits="0"></line>
								<line number="91" hits="0"></line>
							</lines>
						</method>
						<method name="applyDiskLimit" signature="" line-rate="0" branch-rate="0">
							<lines>
								<line number="95" hits="0"></line>
								<line number="96" hits="0"></line>
								<line number="97" hits="0"></line>
								<line number="99" hits="0"></line>
								<line number="100" hits="0"></line>
								<line number="101" hits="0"></line>
								<line number="104" hits="0"></line>
								<line number="117" hits="0"></line>
								<line number="118" hits="0"></line>
								<line number="121" hits="0"></line>
							</lines>
						</method>
						<method name="runDrax" signature="" line-rate="0" branch-rate="0">
							<lines>
								<line number="125" hits="0"></line>
								<line number="126" hits="0"></line>
								<line number="127" hits="0"></line>
								<line number="129" hits="0"></line>
								<line number="130" hits="0"></line>
								<line number="133" hits="0"></line>
								<line number="134" hits="0"></line>
								<line number="137" hits="0"></line>
								<line number="138" hits="0"></line>
								<line number="139" hits="0"></line>
								<line number="140" hits="0"></line>
								<line number="142" hits="0"></line>
								<line number="143" hits="0"></line>
								<line number="145" hits="0"></line>
								<line number="146" hits="0"></line>
								<line number="147" hits="0"></line>
								<line number="150" hits="0"></line>
							</lines>
						</method>
						<method name="draxInPath" signature="" line-rate="0" branch-rate="0">
							<lines>
								<line number="154" hits="0"></line>
								<line number="155" hits="0"></line>
								<line number="157" hits="0"></line>
							</lines>
						</method>
						<method name="hasSUID" signature="" line-rate="0" branch-rate="0">
							<lines>
								<line number="161" hits="0"></line>
								<line number="162" hits="0"></line>
								<line number="163" hits="0"></line>
								<line number="166" hits="0"></line>
								<line number="167" hits="0"></line>
								<line number="168" hits="0"></line>
								<line number="170" hits="0"></line>
							</lines>
						</method>
						<method name="createVolume" signature="" line-rate="0" branch-rate="0">
							<lines>
								<line number="206" hits="0"></line>
								<line number="207" hits="0"></line>
								<line number="208" hits="0"></line>
								<line number="210" hits="0"></line>
								<line number="211" hits="0"></line>
								<line number="213" hits="0"></line>
								<line number="214" hits="0"></line>
								<line number="216" hits="0"></line>
								<line number="217" hits="0"></line>
								<line number="220" hits="0"></line>
								<line number="221" hits="0"></line>
								<line number="222" hits="0"></line>
								<line number="225" hits="0"></line>
							</lines>
						</method>
						<method name="MoveVolume" signature="" line-rate="0" branch-rate="0">
							<lines>
								<line number="230" hits="1"></line>
								<line number="231" hits="1"></line>
								<line number="232" hits="1"></line>
								<line number="234" hits="1"></line>
								<line number="235" hits="0"></line>
								<line number="236" hits="0"></line>
								<line number="237" hits="0"></line>
								<line number="241" hits="1"></line>
							</lines>
						</method>
						<method name="VolumePath" signature="" line-rate="0" branch-rate="0">
							<lines>
								<line number="246" hits="0"></line>
								<line number="247" hits="0"></line>
								<line number="248" hits="0"></line>
								<line number="249" hits="0"></line>
								<line number="252" hits="0"></line>
							</lines>
						</method>
						<method name="DestroyVolume" signature="" line-rate="0" branch-rate="0">
							<lines>
								<line number="257" hits="0"></line>
								<line number="258" hits="0"></line>
								<line number="259" hits="0"></line>
								<line number="261" hits="0"></line>
								<line number="262" hits="0"></line>
								<line number="263" hits="0"></line>
								<line number="266" hits="0"></line>
							</lines>
						</method>
						<method name="VolumeSize" signature="" line-rate="0" branch-rate="0">
							<lines>
								<line number="271" hits="0"></line>
								<line number="272" hits="0"></line>
								<line number="273" hits="0"></line>
								<line number="275" hits="0"></line>
							</lines>
						</method>
						<method name="Volumes" signature="" line-rate="0" branch-rate="0">
							<lines>
								<line number="280" hits="0"></line>
								<line number="281" hits="0"></line>
								<line number="282" hits="0"></line>
								<line number="284" hits="0"></line>
								<line number="285" hits="0"></line>
								<line number="286" hits="0"></line>
								<line number="287" hits="0"></line>
								<line number="290" hits="0"></line>
								<line number="291" hits="0"></line>
								<line number="293" hits="0"></line>
							</lines>
						</method>
						<method name="ImageIDs" signature="" line-rate="0" branch-rate="0">
							<lines>
								<line number="298" hits="0"></line>
								<line number="300" hits="0"></line>
								<line number="301" hits="0"></line>
								<line number="302" hits="0"></line>
								<line number="305" hits="0"></line>
								<line number="306" hits="0"></line>
								<line number="309" hits="0"></line>
							</lines>
						</method>
						<method name="destroyBtrfsVolume" signature="" line-rate="0" branch-rate="0">
							<lines>
								<line number="313" hits="0"></line>
								<line number="314" hits="0"></line>
								<line number="315" hits="0"></line>
								<line number="317" hits="0"></line>
								<line number="318" hits="0"></line>
								<line number="321" hits="0"></line>
								<line number="322" hits="0"></line>
								<line number="326" hits="0"></line>
								<line number="327" hits="0"></line>
								<line number="328" hits="0"></line>
								<line number="329" hits="0"></line>
								<line number="330" hits="0"></line>
								<line number="332" hits="0"></line>
							</lines>
						</method>
						<method name="destroyQgroup" signature="" line-rate="0" branch-rate="0">
							<lines>
								<line number="351" hits="0"></line>
								<line number="353" hits="0"></line>
							</lines>
						</method>
						<method name="handleOpaqueWhiteouts" signature="" line-rate="0" branch-rate="0">
							<lines>
								<line number="357" hits="0"></line>
								<line number="358" hits="0"></line>
								<line number="359" hits="0"></line>
								<line number="362" hits="0"></line>
								<line number="363" hits="0"></line>
								<line number="364" hits="0"></line>
								<line number="365" hits="0"></line>
								<line number="369" hits="0"></line>
							</lines>
						</method>
						<method name="imagePath" signature="" line-rate="0" branch-rate="0">
							<lines>
								<line number="373" hits="0"></line>
							</lines>
						</method>
					</methods>
					<lines>
						<line number="64" hits="0"></line>
						<line number="65" hits="0"></line>
						<line number="66" hits="0"></line>
						<line number="67" hits="0"></line>
						<line number="70" hits="0"></line>
						<line number="74" hits="0"></line>
						<line number="75" hits="0"></line>
						<line number="77" hits="0"></line>
						<line number="78" hits="0"></line>
						<line number="79" hits="0"></line>
						<line number="80" hits="0"></line>
						<line number="84" hits="0"></line>
						<line number="85" hits="0"></line>
						<line number="86" hits="0"></line>
						<line number="87" hits="0"></line>
						<line number="91" hits="0"></line>
						<line number="95" hits="0"></line>
						<line number="96" hits="0"></line>
						<line number="97" hits="0"></line>
						<line number="99" hits="0"></line>
						<line number="100" hits="0"></line>
						<line number="101" hits="0"></line>
						<line number="104" hits="0"></line>
						<line number="117" hits="0"></line>
						<line number="118" hits="0"></line>
						<line number="121" hits="0"></line>
						<line number="125" hits="0"></line>
						<line number="126" hits="0"></line>
						<line number="127" hits="0"></line>
						<line number="129" hits="0"></line>
						<line number="130" hits="0"></line>
						<line number="133" hits="0"></line>
						<line number="134" hits="0"></line>
						<line number="137" hits="0"></line>
						<line number="138" hits="0"></line>
						<line number="139" hits="0"></line>
						<line number="140" hits="0"></line>
						<line number="142" hits="0"></line>
						<line number="143" hits="0"></line>
						<line number="145" hits="0"></line>
						<line number="146" hits="0"></line>
						<line number="147" hits="0"></line>
						<line number="150" hits="0"></line>
						<line number="154" hits="0"></line>
						<line number="155" hits="0"></line>
						<line number="157" hits="0"></line>
						<line number="161" hits="0"></line>
						<line number="162" hits="0"></line>
						<line number="163" hits="0"></line>
						<line number="166" hits="0"></line>
						<line number="167" hits="0"></line>
						<line number="168" hits="0"></line>
						<line number="170" hits="0"></line>
						<line number="206" hits="0"></line>
						<line number="207" hits="0"></line>
						<line number="208" hits="0"></line>
						<line number="210" hits="0"></line>
						<line number="211" hits="0"></line>
						<line number="213" hits="0"></line>
						<line number="214" hits="0"></line>
						<line number="216" hits="0"></line>
						<line number="217" hits="0"></line>
						<line number="220" hits="0"></line>
						<line number="221" hits="0"></line>
						<line number="222" hits="0"></line>
						<line number="225" hits="0"></line>
						<line number="230" hits="1"></line>
						<line number="231" hits="1"></line>
						<line number="232" hits="1"></line>
						<line number="234" hits="1"></line>
						<line number="235" hits="0"></line>
						<line number="236" hits="0"></line>
						<line number="237" hits="0"></line>
						<line number="241" hits="1"></line>
						<line number="246" hits="0"></line>
						<line number="247" hits="0"></line>
						<line number="248" hits="0"></line>
						<line number="249" hits="0"></line>
						<line number="252" hits="0"></line>
						<line number="257" hits="0"></line>
						<line number="258" hits="0"></line>
						<line number="259" hits="0"></line>
						<line number="261" hits="0"></line>
						<line number="262" hits="0"></line>
						<line number="263" hits="0"></line>
						<line number="266" hits="0"></line>
						<line number="271" hits="0"></line>
						<line number="272" hits="0"></line>
						<line number="273" hits="0"></line>
						<line number="275" hits="0"></line>
						<line number="280" hits="0"></line>
						<line number="281" hits="0"></line>
						<line number="282" hits="0"></line>
						<line number="284" hits="0"></line>
						<line number="285" hits="0"></line>
						<line number="286" hits="0"></line>
						<line number="287" hits="0"></line>
						<line number="290" hits="0"></line>
						<line number="291" hits="0"></line>
						<line number="293" hits="0"></line>
						<line number="298" hits="0"></line>
						<line number="300" hits="0"></line>
						<line number="301" hits="0"></line>
						<line number="302" hits="0"></line>
						<line number="305" hits="0"></line>
						<line number="306" hits="0"></line>
						<line number="309" hits="0"></line>
						<line number="313" hits="0"></line>
						<line number="314" hits="0"></line>
						<line number="315" hits="0"></line>
						<line number="317" hits="0"></line>
						<line number="318" hits="0"></line>
						<line number="321" hits="0"></line>
						<line number="322" hits="0"></line>
						<line number="326" hits="0"></line>
						<line number="327" hits="0"></line>
						<line number="328" hits="0"></line>
						<line number="329" hits="0"></line>
						<line number="330" hits="0"></line>
						<line number="332" hits="0"></line>
						<line number="351" hits="0"></line>
						<line number="353" hits="0"></line>
						<line number="357" hits="0"></line>
						<line number="358" hits="0"></line>
						<line number="359" hits="0"></line>
						<line number="362" hits="0"></line>
						<line number="363" hits="0"></line>
						<line number="364" hits="0"></line>
						<line number="365" hits="0"></line>
						<line number="369" hits="0"></line>
						<line number="373" hits="0"></line>
					</lines>
				</class>
				<class name="Config" filename="/home/dimitris/workspace/go/src/github.com/SUSE/groot-btrfs/driver/driver.go" line-rate="0" branch-rate="0" complexity="0">
					<methods>
						<method name="BtrfsBinPath" signature="" line-rate="0" branch-rate="0">
							<lines>
								<line number="50" hits="0"></line>
							</lines>
						</method>
						<method name="MkfsBinPath" signature="" line-rate="0" branch-rate="0">
							<lines>
								<line number="55" hits="0"></line>
							</lines>
						</method>
					</methods>
					<lines>
						<line number="50" hits="0"></line>
						<line number="55" hits="0"></line>
					</lines>
				</class>
				<class name="Driver" filename="/home/dimitris/workspace/go/src/github.com/SUSE/groot-btrfs/driver/stats.go" line-rate="0" branch-rate="0" complexity="0">
					<methods>
						<method name="Stats" signature="" line-rate="0" branch-rate="0">
							<lines>
								<line number="16" hits="0"></line>
								<line number="18" hits="0"></line>
								<line number="19" hits="0"></line>
								<line number="20" hits="0"></line>
								<line number="22" hits="0"></line>
								<line number="29" hits="0"></line>
								<line number="30" hits="0"></line>
								<line number="31" hits="0"></line>
								<line number="34" hits="0"></line>
								<line number="35" hits="0"></line>
								<line number="37" hits="0"></line>
								<line number="38" hits="0"></line>
								<line number="39" hits="0"></line>
								<line number="40" hits="0"></line>
								<line number="43" hits="0"></line>
								<line number="44" hits="0"></line>
								<line number="46" hits="0"></line>
							</lines>
						</method>
					</methods>
					<lines>
						<line number="16" hits="0"></line>
						<line number="18" hits="0"></line>
						<line number="19" hits="0"></line>
						<line number="20" hits="0"></line>
						<line number="22" hits="0"></line>
						<line number="29" hits="0"></line>
						<line number="30" hits="0"></line>
						<line number="31" hits="0"></line>
						<line number="34" hits="0"></line>
						<line number="35" hits="0"></line>
						<line number="37" hits="0"></line>
						<line number="38" hits="0"></line>
						<line number="39" hits="0"></line>
						<line number="40" hits="0"></line>
						<line number="43" hits="0"></line>
						<line number="44" hits="0"></line>
						<line number="46" hits="0"></line>
					</lines>
				</class>
				<class name="Driver" filename="/home/dimitris/workspace/go/src/github.com/SUSE/groot-btrfs/driver/unpack.go" line-rate="0" branch-rate="0" complexity="0">
					<methods>
						<method name="unpackLayer" signature="" line-rate="0" branch-rate="0">
							<lines>
								<line number="20" hits="0"></line>
								<line number="21" hits="0"></line>
								<line number="22" hits="0"></line>
								<line number="24" hits="0"></line>
								<line number="25" hits="0"></line>
								<line number="26" hits="0"></line>
								<line number="29" hits="0"></line>
								<line number="30" hits="0"></line>
								<line number="31" hits="0"></line>
								<line number="34" hits="0"></line>
								<line number="45" hits="0"></line>
								<line number="46" hits="0"></line>
								<line number="47" hits="0"></line>
								<line number="50" hits="0"></line>
							</lines>
						</method>
						<method name="createTemporaryVolumeDirectory" signature="" line-rate="0" branch-rate="0">
							<lines>
								<line number="54" hits="0"></line>
								<line number="56" hits="0"></line>
								<line number="57" hits="0"></line>
								<line number="58" hits="0"></line>
								<line number="61" hits="0"></line>
								<line number="63" hits="0"></line>
								<line number="64" hits="0"></line>
								<line number="66" hits="0"></line>
								<line number="68" hits="0"></line>
								<line number="69" hits="0"></line>
								<line number="70" hits="0"></line>
								<line number="73" hits="0"></line>
								<line number="75" hits="0"></line>
								<line number="76" hits="0"></line>
								<line number="77" hits="0"></line>
								<line number="78" hits="0"></line>
								<line number="82" hits="0"></line>
							</lines>
						</method>
						<method name="finalizeVolume" signature="" line-rate="0" branch-rate="0">
							<lines>
								<line number="86" hits="0"></line>
								<line number="87" hits="0"></line>
								<line number="88" hits="0"></line>
								<line number="91" hits="0"></line>
							</lines>
						</method>
						<method name="unpackLayerToTemporaryDirectory" signature="" line-rate="0" branch-rate="0">
							<lines>
								<line number="98" hits="0"></line>
								<line number="101" hits="0"></line>
								<line number="108" hits="0"></line>
								<line number="109" hits="0"></line>
								<line number="110" hits="0"></line>
								<line number="112" hits="0"></line>
								<line number="115" hits="0"></line>
								<line number="116" hits="0"></line>
								<line number="117" hits="0"></line>
								<line number="120" hits="0"></line>
								<line number="121" hits="0"></line>
							</lines>
						</method>
						<method name="Unpack" signature="" line-rate="0" branch-rate="0">
							<lines>
								<line number="126" hits="0"></line>
							</lines>
						</method>
					</methods>
					<lines>
						<line number="20" hits="0"></line>
						<line number="21" hits="0"></line>
						<line number="22" hits="0"></line>
						<line number="24" hits="0"></line>
						<line number="25" hits="0"></line>
						<line number="26" hits="0"></line>
						<line number="29" hits="0"></line>
						<line number="30" hits="0"></line>
						<line number="31" hits="0"></line>
						<line number="34" hits="0"></line>
						<line number="45" hits="0"></line>
						<line number="46" hits="0"></line>
						<line number="47" hits="0"></line>
						<line number="50" hits="0"></line>
						<line number="54" hits="0"></line>
						<line number="56" hits="0"></line>
						<line number="57" hits="0"></line>
						<line number="58" hits="0"></line>
						<line number="61" hits="0"></line>
						<line number="63" hits="0"></line>
						<line number="64" hits="0"></line>
						<line number="66" hits="0"></line>
						<line number="68" hits="0"></line>
						<line number="69" hits="0"></line>
						<line number="70" hits="0"></line>
						<line number="73" hits="0"></line>
						<line number="75" hits="0"></line>
						<line number="76" hits="0"></line>
						<line number="77" hits="0"></line>
						<line number="78" hits="0"></line>
						<line number="82" hits="0"></line>
						<line number="86" hits="0"></line>
						<line number="87" hits="0"></line>
						<line number="88" hits="0"></line>
						<line number="91" hits="0"></line>
						<line number="98" hits="0"></line>
						<line number="101" hits="0"></line>
						<line number="108" hits="0"></line>
						<line number="109" hits="0"></line>
						<line number="110" hits="0"></line>
						<line number="112" hits="0"></line>
						<line number="115" hits="0"></line>
						<line number="116" hits="0"></line>
						<line number="117" hits="0"></line>
						<line number="120" hits="0"></line>
						<line number="121" hits="0"></line>
						<line number="126" hits="0"></line>
					</lines>
				</class>
				<class name="Driver" filename="/home/dimitris/workspace/go/src/github.com/SUSE/groot-btrfs/driver/write_metadata.go" line-rate="0" branch-rate="0" complexity="0">
					<methods>
						<method name="WriteMetadata" signature="" line-rate="0" branch-rate="0">
							<lines>
								<line number="14" hits="0"></line>
								<line number="15" hits="0"></line>
								<line number="18" hits="0"></line>
							</lines>
						</method>
						<method name="writeVolumeMeta" signature="" line-rate="0" branch-rate="0">
							<lines>
								<line number="22" hits="0"></line>
								<line number="23" hits="0"></line>
								<line number="24" hits="0"></line>
								<line number="26" hits="0"></line>
							</lines>
						</method>
					</methods>
					<lines>
						<line number="14" hits="0"></line>
						<line number="15" hits="0"></line>
						<line number="18" hits="0"></line>
						<line number="22" hits="0"></line>
						<line number="23" hits="0"></line>
						<line number="24" hits="0"></line>
						<line number="26" hits="0"></line>
					</lines>
				</class>
				<class name="-" filename="/home/dimitris/workspace/go/src/github.com/SUSE/groot-btrfs/driver/bundle.go" line-rate="0" branch-rate="0" complexity="0">
					<methods>
						<method name="@47:8" signature="" line-rate="0" branch-rate="0">
							<lines>
								<line number="48" hits="0"></line>
								<line number="49" hits="0"></line>
								<line number="52" hits="0"></line>
								<line number="53" hits="0"></line>
							</lines>
						</method>
					</methods>
					<lines>
						<line number="48" hits="0"></line>
						<line number="49" hits="0"></line>
						<line number="52" hits="0"></line>
						<line number="53" hits="0"></line>
					</lines>
				</class>
				<class name="Driver" filename="/home/dimitris/workspace/go/src/github.com/SUSE/groot-btrfs/driver/bundle.go" line-rate="0" branch-rate="0" complexity="0">
					<methods>
						<method name="Bundle" signature="" line-rate="0" branch-rate="0">
							<lines>
								<line number="22" hits="0"></line>
								<line number="23" hits="0"></line>
								<line number="24" hits="0"></line>
								<line number="26" hits="0"></line>
								<line number="28" hits="0"></line>
								<line number="30" hits="0"></line>
								<line number="32" hits="0"></line>
								<line number="40" hits="0"></line>
								<line number="41" hits="0"></line>
								<line number="43" hits="0"></line>
								<line number="44" hits="0"></line>
								<line number="45" hits="0"></line>
								<line number="47" hits="0"></line>
								<line number="57" hits="0"></line>
								<line number="58" hits="0"></line>
								<line number="59" hits="0"></line>
								<line number="62" hits="0"></line>
								<line number="63" hits="0"></line>
								<line number="64" hits="0"></line>
								<line number="67" hits="0"></line>
								<line number="68" hits="0"></line>
								<line number="69" hits="0"></line>
								<line number="70" hits="0"></line>
								<line number="76" hits="0"></line>
								<line number="77" hits="0"></line>
								<line number="78" hits="0"></line>
								<line number="81" hits="0"></line>
								<line number="82" hits="0"></line>
								<line number="83" hits="0"></line>
								<line number="86" hits="0"></line>
								<line number="88" hits="0"></line>
								<line number="89" hits="0"></line>
								<line number="90" hits="0"></line>
								<line number="91" hits="0"></line>
								<line number="94" hits="0"></line>
								<line number="97" hits="0"></line>
							</lines>
						</method>
					</methods>
					<lines>
						<line number="22" hits="0"></line>
						<line number="23" hits="0"></line>
						<line number="24" hits="0"></line>
						<line number="26" hits="0"></line>
						<line number="28" hits="0"></line>
						<line number="30" hits="0"></line>
						<line number="32" hits="0"></line>
						<line number="40" hits="0"></line>
						<line number="41" hits="0"></line>
						<line number="43" hits="0"></line>
						<line number="44" hits="0"></line>
						<line number="45" hits="0"></line>
						<line number="47" hits="0"></line>
						<line number="57" hits="0"></line>
						<line number="58" hits="0"></line>
						<line number="59" hits="0"></line>
						<line number="62" hits="0"></line>
						<line number="63" hits="0"></line>
						<line number="64" hits="0"></line>
						<line number="67" hits="0"></line>
						<line number="68" hits="0"></line>
						<line number="69" hits="0"></line>
						<line number="70" hits="0"></line>
						<line number="76" hits="0"></line>
						<line number="77" hits="0"></line>
						<line number="78" hits="0"></line>
						<line number="81" hits="0"></line>
						<line number="82" hits="0"></line>
						<line number="83" hits="0"></line>
						<line number="86" hits="0"></line>
						<line number="88" hits="0"></line>
						<line number="89" hits="0"></line>
						<line number="90" hits="0"></line>
						<line number="91" hits="0"></line>
						<line number="94" hits="0"></line>
						<line number="97" hits="0"></line>
					</lines>
				</class>
				<class name="Driver" filename="/home/dimitris/workspace/go/src/github.com/SUSE/groot-btrfs/driver/clean.go" line-rate="0" branch-rate="0" complexity="0">
					<methods>
						<method name="clean" signature="" line-rate="0" branch-rate="0">
							<lines>
								<line number="18" hits="0"></line>
								<line number="19" hits="0"></line>
								<line number="21" hits="0"></line>
								<line number="22" hits="0"></line>
								<line number="23" hits="0"></line>
								<line number="25" hits="0"></line>
								<line number="27" hits="0"></line>
								<line number="34" hits="0"></line>
							</lines>
						</method>
					</methods>
					<lines>
						<line number="18" hits="0"></line>
						<line number="19" hits="0"></line>
						<line number="21" hits="0"></line>
						<line number="22" hits="0"></line>
						<line number="23" hits="0"></line>
						<line number="25" hits="0"></line>
						<line number="27" hits="0"></line>
						<line number="34" hits="0"></line>
					</lines>
				</class>
				<class name="Driver" filename="/home/dimitris/workspace/go/src/github.com/SUSE/groot-btrfs/driver/delete.go" line-rate="0" branch-rate="0" complexity="0">
					<methods>
						<method name="Delete" signature="" line-rate="0" branch-rate="0">
							<lines>
								<line number="23" hits="0"></line>
								<line number="24" hits="0"></line>
								<line number="25" hits="0"></line>
								<line number="27" hits="0"></line>
								<line number="28" hits="0"></line>
								<line number="31" hits="0"></line>
								<line number="34" hits="0"></line>
								<line number="35" hits="0"></line>
								<line number="36" hits="0"></line>
								<line number="37" hits="0"></line>
								<line number="38" hits="0"></line>
								<line number="42" hits="0"></line>
							</lines>
						</method>
						<method name="Destroy" signature="" line-rate="0" branch-rate="0">
							<lines>
								<line number="47" hits="0"></line>
								<line number="48" hits="0"></line>
								<line number="49" hits="0"></line>
								<line number="51" hits="0"></line>
								<line number="52" hits="0"></line>
								<line number="53" hits="0"></line>
								<line number="54" hits="0"></line>
								<line number="57" hits="0"></line>
								<line number="58" hits="0"></line>
								<line number="61" hits="0"></line>
								<line number="62" hits="0"></line>
								<line number="63" hits="0"></line>
								<line number="64" hits="0"></line>
								<line number="67" hits="0"></line>
								<line number="68" hits="0"></line>
								<line number="69" hits="0"></line>
								<line number="72" hits="0"></line>
							</lines>
						</method>
						<method name="exists" signature="" line-rate="0" branch-rate="0">
							<lines>
								<line number="76" hits="0"></line>
								<line number="78" hits="0"></line>
								<line number="79" hits="0"></line>
								<line number="80" hits="0"></line>
								<line number="82" hits="0"></line>
								<line number="85" hits="0"></line>
							</lines>
						</method>
						<method name="destroyImage" signature="" line-rate="0" branch-rate="0">
							<lines>
								<line number="89" hits="0"></line>
								<line number="90" hits="0"></line>
								<line number="91" hits="0"></line>
								<line number="93" hits="0"></line>
								<line number="94" hits="0"></line>
								<line number="95" hits="0"></line>
								<line number="96" hits="0"></line>
								<line number="97" hits="0"></line>
								<line number="99" hits="0"></line>
								<line number="102" hits="0"></line>
								<line number="103" hits="0"></line>
								<line number="104" hits="0"></line>
								<line number="105" hits="0"></line>
								<line number="106" hits="0"></line>
								<line number="107" hits="0"></line>
								<line number="110" hits="0"></line>
								<line number="111" hits="0"></line>
								<line number="112" hits="0"></line>
								<line number="115" hits="0"></line>
								<line number="118" hits="0"></line>
								<line number="119" hits="0"></line>
								<line number="122" hits="0"></line>
							</lines>
						</method>
						<method name="listSubvolumes" signature="" line-rate="0" branch-rate="0">
							<lines>
								<line number="126" hits="0"></line>
								<line number="127" hits="0"></line>
								<line number="128" hits="0"></line>
								<line number="130" hits="0"></line>
								<line number="136" hits="0"></line>
								<line number="137" hits="0"></line>
								<line number="138" hits="0"></line>
								<line number="141" hits="0"></line>
								<line number="142" hits="0"></line>
								<line number="143" hits="0"></line>
								<line number="146" hits="0"></line>
							</lines>
						</method>
						<method name="filePath" signature="" line-rate="0" branch-rate="0">
							<lines>
								<line number="150" hits="0"></line>
								<line number="151" hits="0"></line>
							</lines>
						</method>
						<method name="dependenciesPath" signature="" line-rate="0" branch-rate="0">
							<lines>
								<line number="155" hits="0"></line>
							</lines>
						</method>
					</methods>
					<lines>
						<line number="23" hits="0"></line>
						<line number="24" hits="0"></line>
						<line number="25" hits="0"></line>
						<line number="27" hits="0"></line>
						<line number="28" hits="0"></line>
						<line number="31" hits="0"></line>
						<line number="34" hits="0"></line>
						<line number="35" hits="0"></line>
						<line number="36" hits="0"></line>
						<line number="37" hits="0"></line>
						<line number="38" hits="0"></line>
						<line number="42" hits="0"></line>
						<line number="47" hits="0"></line>
						<line number="48" hits="0"></line>
						<line number="49" hits="0"></line>
						<line number="51" hits="0"></line>
						<line number="52" hits="0"></line>
						<line number="53" hits="0"></line>
						<line number="54" hits="0"></line>
						<line number="57" hits="0"></line>
						<line number="58" hits="0"></line>
						<line number="61" hits="0"></line>
						<line number="62" hits="0"></line>
						<line number="63" hits="0"></line>
						<line number="64" hits="0"></line>
						<line number="67" hits="0"></line>
						<line number="68" hits="0"></line>
						<line number="69" hits="0"></line>
						<line number="72" hits="0"></line>
						<line number="76" hits="0"></line>
						<line number="78" hits="0"></line>
						<line number="79" hits="0"></line>
						<line number="80" hits="0"></line>
						<line number="82" hits="0"></line>
						<line number="85" hits="0"></line>
						<line number="89" hits="0"></line>
						<line number="90" hits="0"></line>
						<line number="91" hits="0"></line>
						<line number="93" hits="0"></line>
						<line number="94" hits="0"></line>
						<line number="95" hits="0"></line>
						<line number="96" hits="0"></line>
						<line number="97" hits="0"></line>
						<line number="99" hits="0"></line>
						<line number="102" hits="0"></line>
						<line number="103" hits="0"></line>
						<line number="104" hits="0"></line>
						<line number="105" hits="0"></line>
						<line number="106" hits="0"></line>
						<line number="107" hits="0"></line>
						<line number="110" hits="0"></line>
						<line number="111" hits="0"></line>
						<line number="112" hits="0"></line>
						<line number="115" hits="0"></line>
						<line number="118" hits="0"></line>
						<line number="119" hits="0"></line>
						<line number="122" hits="0"></line>
						<line number="126" hits="0"></line>
						<line number="127" hits="0"></line>
						<line number="128" hits="0"></line>
						<line number="130" hits="0"></line>
						<line number="136" hits="0"></line>
						<line number="137" hits="0"></line>
						<line number="138" hits="0"></line>
						<line number="141" hits="0"></line>
						<line number="142" hits="0"></line>
						<line number="143" hits="0"></line>
						<line number="146" hits="0"></line>
						<line number="150" hits="0"></line>
						<line number="151" hits="0"></line>
						<line number="155" hits="0"></line>
					</lines>
				</class>
			</classes>
		</package>
	</packages>
</coverage>
